<?xml version="1.0" encoding="UTF-8"?>
<testsuite xmlns:xsi="http://www.w3.org/2001/XMLSchema-instance" xsi:noNamespaceSchemaLocation="https://maven.apache.org/surefire/maven-surefire-plugin/xsd/surefire-test-report.xsd" name="com.hung.DementiaEldlyScreeningPlatformApplicationTests" time="6.248" tests="1" errors="0" skipped="0" failures="0">
  <properties>
    <property name="sun.desktop" value="windows"/>
    <property name="awt.toolkit" value="sun.awt.windows.WToolkit"/>
    <property name="java.specification.version" value="11"/>
    <property name="sun.cpu.isalist" value="amd64"/>
    <property name="sun.jnu.encoding" value="GBK"/>
    <property name="java.class.path" value="D:\Project\Java\DementiaEldlyScreeningPlatform\target\test-classes;D:\Project\Java\DementiaEldlyScreeningPlatform\target\classes;D:\Environment\Maven\repository\org\springframework\boot\spring-boot-starter-web\2.7.8\spring-boot-starter-web-2.7.8.jar;D:\Environment\Maven\repository\org\springframework\boot\spring-boot-starter\2.7.8\spring-boot-starter-2.7.8.jar;D:\Environment\Maven\repository\org\springframework\boot\spring-boot-starter-logging\2.7.8\spring-boot-starter-logging-2.7.8.jar;D:\Environment\Maven\repository\ch\qos\logback\logback-classic\1.2.11\logback-classic-1.2.11.jar;D:\Environment\Maven\repository\ch\qos\logback\logback-core\1.2.11\logback-core-1.2.11.jar;D:\Environment\Maven\repository\org\apache\logging\log4j\log4j-to-slf4j\2.17.2\log4j-to-slf4j-2.17.2.jar;D:\Environment\Maven\repository\org\apache\logging\log4j\log4j-api\2.17.2\log4j-api-2.17.2.jar;D:\Environment\Maven\repository\org\slf4j\jul-to-slf4j\1.7.36\jul-to-slf4j-1.7.36.jar;D:\Environment\Maven\repository\jakarta\annotation\jakarta.annotation-api\1.3.5\jakarta.annotation-api-1.3.5.jar;D:\Environment\Maven\repository\org\yaml\snakeyaml\1.30\snakeyaml-1.30.jar;D:\Environment\Maven\repository\org\springframework\boot\spring-boot-starter-json\2.7.8\spring-boot-starter-json-2.7.8.jar;D:\Environment\Maven\repository\com\fasterxml\jackson\core\jackson-databind\2.13.4.2\jackson-databind-2.13.4.2.jar;D:\Environment\Maven\repository\com\fasterxml\jackson\core\jackson-annotations\2.13.4\jackson-annotations-2.13.4.jar;D:\Environment\Maven\repository\com\fasterxml\jackson\core\jackson-core\2.13.4\jackson-core-2.13.4.jar;D:\Environment\Maven\repository\com\fasterxml\jackson\datatype\jackson-datatype-jdk8\2.13.4\jackson-datatype-jdk8-2.13.4.jar;D:\Environment\Maven\repository\com\fasterxml\jackson\datatype\jackson-datatype-jsr310\2.13.4\jackson-datatype-jsr310-2.13.4.jar;D:\Environment\Maven\repository\com\fasterxml\jackson\module\jackson-module-parameter-names\2.13.4\jackson-module-parameter-names-2.13.4.jar;D:\Environment\Maven\repository\org\springframework\boot\spring-boot-starter-tomcat\2.7.8\spring-boot-starter-tomcat-2.7.8.jar;D:\Environment\Maven\repository\org\apache\tomcat\embed\tomcat-embed-core\9.0.71\tomcat-embed-core-9.0.71.jar;D:\Environment\Maven\repository\org\apache\tomcat\embed\tomcat-embed-el\9.0.71\tomcat-embed-el-9.0.71.jar;D:\Environment\Maven\repository\org\apache\tomcat\embed\tomcat-embed-websocket\9.0.71\tomcat-embed-websocket-9.0.71.jar;D:\Environment\Maven\repository\org\springframework\spring-web\5.3.25\spring-web-5.3.25.jar;D:\Environment\Maven\repository\org\springframework\spring-beans\5.3.25\spring-beans-5.3.25.jar;D:\Environment\Maven\repository\org\springframework\spring-webmvc\5.3.25\spring-webmvc-5.3.25.jar;D:\Environment\Maven\repository\org\springframework\spring-aop\5.3.25\spring-aop-5.3.25.jar;D:\Environment\Maven\repository\org\springframework\spring-context\5.3.25\spring-context-5.3.25.jar;D:\Environment\Maven\repository\org\springframework\spring-expression\5.3.25\spring-expression-5.3.25.jar;D:\Environment\Maven\repository\org\springframework\boot\spring-boot-devtools\2.7.8\spring-boot-devtools-2.7.8.jar;D:\Environment\Maven\repository\org\springframework\boot\spring-boot\2.7.8\spring-boot-2.7.8.jar;D:\Environment\Maven\repository\org\springframework\boot\spring-boot-autoconfigure\2.7.8\spring-boot-autoconfigure-2.7.8.jar;D:\Environment\Maven\repository\org\projectlombok\lombok\1.18.24\lombok-1.18.24.jar;D:\Environment\Maven\repository\org\springframework\boot\spring-boot-starter-test\2.7.8\spring-boot-starter-test-2.7.8.jar;D:\Environment\Maven\repository\org\springframework\boot\spring-boot-test\2.7.8\spring-boot-test-2.7.8.jar;D:\Environment\Maven\repository\org\springframework\boot\spring-boot-test-autoconfigure\2.7.8\spring-boot-test-autoconfigure-2.7.8.jar;D:\Environment\Maven\repository\com\jayway\jsonpath\json-path\2.7.0\json-path-2.7.0.jar;D:\Environment\Maven\repository\net\minidev\json-smart\2.4.8\json-smart-2.4.8.jar;D:\Environment\Maven\repository\net\minidev\accessors-smart\2.4.8\accessors-smart-2.4.8.jar;D:\Environment\Maven\repository\org\ow2\asm\asm\9.1\asm-9.1.jar;D:\Environment\Maven\repository\jakarta\xml\bind\jakarta.xml.bind-api\2.3.3\jakarta.xml.bind-api-2.3.3.jar;D:\Environment\Maven\repository\jakarta\activation\jakarta.activation-api\1.2.2\jakarta.activation-api-1.2.2.jar;D:\Environment\Maven\repository\org\assertj\assertj-core\3.22.0\assertj-core-3.22.0.jar;D:\Environment\Maven\repository\org\hamcrest\hamcrest\2.2\hamcrest-2.2.jar;D:\Environment\Maven\repository\org\junit\jupiter\junit-jupiter\5.8.2\junit-jupiter-5.8.2.jar;D:\Environment\Maven\repository\org\junit\jupiter\junit-jupiter-api\5.8.2\junit-jupiter-api-5.8.2.jar;D:\Environment\Maven\repository\org\opentest4j\opentest4j\1.2.0\opentest4j-1.2.0.jar;D:\Environment\Maven\repository\org\junit\platform\junit-platform-commons\1.8.2\junit-platform-commons-1.8.2.jar;D:\Environment\Maven\repository\org\apiguardian\apiguardian-api\1.1.2\apiguardian-api-1.1.2.jar;D:\Environment\Maven\repository\org\junit\jupiter\junit-jupiter-params\5.8.2\junit-jupiter-params-5.8.2.jar;D:\Environment\Maven\repository\org\junit\jupiter\junit-jupiter-engine\5.8.2\junit-jupiter-engine-5.8.2.jar;D:\Environment\Maven\repository\org\junit\platform\junit-platform-engine\1.8.2\junit-platform-engine-1.8.2.jar;D:\Environment\Maven\repository\org\mockito\mockito-core\4.5.1\mockito-core-4.5.1.jar;D:\Environment\Maven\repository\net\bytebuddy\byte-buddy\1.12.22\byte-buddy-1.12.22.jar;D:\Environment\Maven\repository\net\bytebuddy\byte-buddy-agent\1.12.22\byte-buddy-agent-1.12.22.jar;D:\Environment\Maven\repository\org\objenesis\objenesis\3.2\objenesis-3.2.jar;D:\Environment\Maven\repository\org\mockito\mockito-junit-jupiter\4.5.1\mockito-junit-jupiter-4.5.1.jar;D:\Environment\Maven\repository\org\skyscreamer\jsonassert\1.5.1\jsonassert-1.5.1.jar;D:\Environment\Maven\repository\com\vaadin\external\google\android-json\0.0.20131108.vaadin1\android-json-0.0.20131108.vaadin1.jar;D:\Environment\Maven\repository\org\springframework\spring-core\5.3.25\spring-core-5.3.25.jar;D:\Environment\Maven\repository\org\springframework\spring-jcl\5.3.25\spring-jcl-5.3.25.jar;D:\Environment\Maven\repository\org\springframework\spring-test\5.3.25\spring-test-5.3.25.jar;D:\Environment\Maven\repository\org\xmlunit\xmlunit-core\2.9.1\xmlunit-core-2.9.1.jar;D:\Environment\Maven\repository\org\mariadb\jdbc\mariadb-java-client\3.0.10\mariadb-java-client-3.0.10.jar;D:\Environment\Maven\repository\com\alibaba\druid-spring-boot-starter\1.2.16\druid-spring-boot-starter-1.2.16.jar;D:\Environment\Maven\repository\com\alibaba\druid\1.2.16\druid-1.2.16.jar;D:\Environment\Maven\repository\org\slf4j\slf4j-api\1.7.36\slf4j-api-1.7.36.jar;D:\Environment\Maven\repository\com\baomidou\mybatis-plus-boot-starter\2.3.3\mybatis-plus-boot-starter-2.3.3.jar;D:\Environment\Maven\repository\com\baomidou\mybatis-plus\2.3.3\mybatis-plus-2.3.3.jar;D:\Environment\Maven\repository\com\baomidou\mybatis-plus-core\2.3.3\mybatis-plus-core-2.3.3.jar;D:\Environment\Maven\repository\com\github\jsqlparser\jsqlparser\1.1\jsqlparser-1.1.jar;D:\Environment\Maven\repository\org\mybatis\mybatis-spring\1.3.2\mybatis-spring-1.3.2.jar;D:\Environment\Maven\repository\org\mybatis\mybatis\3.4.6\mybatis-3.4.6.jar;D:\Environment\Maven\repository\org\springframework\boot\spring-boot-starter-jdbc\2.7.8\spring-boot-starter-jdbc-2.7.8.jar;D:\Environment\Maven\repository\com\zaxxer\HikariCP\4.0.3\HikariCP-4.0.3.jar;D:\Environment\Maven\repository\org\springframework\spring-jdbc\5.3.25\spring-jdbc-5.3.25.jar;D:\Environment\Maven\repository\org\springframework\spring-tx\5.3.25\spring-tx-5.3.25.jar;D:\Environment\Maven\repository\com\baomidou\mybatis-plus-generate\2.3.3\mybatis-plus-generate-2.3.3.jar;D:\Environment\Maven\repository\com\baomidou\mybatis-plus-support\2.3.3\mybatis-plus-support-2.3.3.jar;"/>
    <property name="java.vm.vendor" value="Oracle Corporation"/>
    <property name="sun.arch.data.model" value="64"/>
    <property name="user.variant" value=""/>
    <property name="java.vendor.url" value="https://openjdk.java.net/"/>
    <property name="user.timezone" value="Asia/Shanghai"/>
    <property name="java.vm.specification.version" value="11"/>
    <property name="os.name" value="Windows 10"/>
    <property name="sun.java.launcher" value="SUN_STANDARD"/>
    <property name="user.country" value="CN"/>
    <property name="sun.boot.library.path" value="D:\Environment\Java\jdk-11\bin"/>
    <property name="sun.java.command" value="C:\Users\74059\AppData\Local\Temp\surefire3221166543614992742\surefirebooter5274151909044445365.jar C:\Users\74059\AppData\Local\Temp\surefire3221166543614992742 2023-10-14T16-20-16_290-jvmRun1 surefire16056935159029271603tmp surefire_04457675665471558678tmp"/>
    <property name="jdk.debug" value="release"/>
    <property name="surefire.test.class.path" value="D:\Project\Java\DementiaEldlyScreeningPlatform\target\test-classes;D:\Project\Java\DementiaEldlyScreeningPlatform\target\classes;D:\Environment\Maven\repository\org\springframework\boot\spring-boot-starter-web\2.7.8\spring-boot-starter-web-2.7.8.jar;D:\Environment\Maven\repository\org\springframework\boot\spring-boot-starter\2.7.8\spring-boot-starter-2.7.8.jar;D:\Environment\Maven\repository\org\springframework\boot\spring-boot-starter-logging\2.7.8\spring-boot-starter-logging-2.7.8.jar;D:\Environment\Maven\repository\ch\qos\logback\logback-classic\1.2.11\logback-classic-1.2.11.jar;D:\Environment\Maven\repository\ch\qos\logback\logback-core\1.2.11\logback-core-1.2.11.jar;D:\Environment\Maven\repository\org\apache\logging\log4j\log4j-to-slf4j\2.17.2\log4j-to-slf4j-2.17.2.jar;D:\Environment\Maven\repository\org\apache\logging\log4j\log4j-api\2.17.2\log4j-api-2.17.2.jar;D:\Environment\Maven\repository\org\slf4j\jul-to-slf4j\1.7.36\jul-to-slf4j-1.7.36.jar;D:\Environment\Maven\repository\jakarta\annotation\jakarta.annotation-api\1.3.5\jakarta.annotation-api-1.3.5.jar;D:\Environment\Maven\repository\org\yaml\snakeyaml\1.30\snakeyaml-1.30.jar;D:\Environment\Maven\repository\org\springframework\boot\spring-boot-starter-json\2.7.8\spring-boot-starter-json-2.7.8.jar;D:\Environment\Maven\repository\com\fasterxml\jackson\core\jackson-databind\2.13.4.2\jackson-databind-2.13.4.2.jar;D:\Environment\Maven\repository\com\fasterxml\jackson\core\jackson-annotations\2.13.4\jackson-annotations-2.13.4.jar;D:\Environment\Maven\repository\com\fasterxml\jackson\core\jackson-core\2.13.4\jackson-core-2.13.4.jar;D:\Environment\Maven\repository\com\fasterxml\jackson\datatype\jackson-datatype-jdk8\2.13.4\jackson-datatype-jdk8-2.13.4.jar;D:\Environment\Maven\repository\com\fasterxml\jackson\datatype\jackson-datatype-jsr310\2.13.4\jackson-datatype-jsr310-2.13.4.jar;D:\Environment\Maven\repository\com\fasterxml\jackson\module\jackson-module-parameter-names\2.13.4\jackson-module-parameter-names-2.13.4.jar;D:\Environment\Maven\repository\org\springframework\boot\spring-boot-starter-tomcat\2.7.8\spring-boot-starter-tomcat-2.7.8.jar;D:\Environment\Maven\repository\org\apache\tomcat\embed\tomcat-embed-core\9.0.71\tomcat-embed-core-9.0.71.jar;D:\Environment\Maven\repository\org\apache\tomcat\embed\tomcat-embed-el\9.0.71\tomcat-embed-el-9.0.71.jar;D:\Environment\Maven\repository\org\apache\tomcat\embed\tomcat-embed-websocket\9.0.71\tomcat-embed-websocket-9.0.71.jar;D:\Environment\Maven\repository\org\springframework\spring-web\5.3.25\spring-web-5.3.25.jar;D:\Environment\Maven\repository\org\springframework\spring-beans\5.3.25\spring-beans-5.3.25.jar;D:\Environment\Maven\repository\org\springframework\spring-webmvc\5.3.25\spring-webmvc-5.3.25.jar;D:\Environment\Maven\repository\org\springframework\spring-aop\5.3.25\spring-aop-5.3.25.jar;D:\Environment\Maven\repository\org\springframework\spring-context\5.3.25\spring-context-5.3.25.jar;D:\Environment\Maven\repository\org\springframework\spring-expression\5.3.25\spring-expression-5.3.25.jar;D:\Environment\Maven\repository\org\springframework\boot\spring-boot-devtools\2.7.8\spring-boot-devtools-2.7.8.jar;D:\Environment\Maven\repository\org\springframework\boot\spring-boot\2.7.8\spring-boot-2.7.8.jar;D:\Environment\Maven\repository\org\springframework\boot\spring-boot-autoconfigure\2.7.8\spring-boot-autoconfigure-2.7.8.jar;D:\Environment\Maven\repository\org\projectlombok\lombok\1.18.24\lombok-1.18.24.jar;D:\Environment\Maven\repository\org\springframework\boot\spring-boot-starter-test\2.7.8\spring-boot-starter-test-2.7.8.jar;D:\Environment\Maven\repository\org\springframework\boot\spring-boot-test\2.7.8\spring-boot-test-2.7.8.jar;D:\Environment\Maven\repository\org\springframework\boot\spring-boot-test-autoconfigure\2.7.8\spring-boot-test-autoconfigure-2.7.8.jar;D:\Environment\Maven\repository\com\jayway\jsonpath\json-path\2.7.0\json-path-2.7.0.jar;D:\Environment\Maven\repository\net\minidev\json-smart\2.4.8\json-smart-2.4.8.jar;D:\Environment\Maven\repository\net\minidev\accessors-smart\2.4.8\accessors-smart-2.4.8.jar;D:\Environment\Maven\repository\org\ow2\asm\asm\9.1\asm-9.1.jar;D:\Environment\Maven\repository\jakarta\xml\bind\jakarta.xml.bind-api\2.3.3\jakarta.xml.bind-api-2.3.3.jar;D:\Environment\Maven\repository\jakarta\activation\jakarta.activation-api\1.2.2\jakarta.activation-api-1.2.2.jar;D:\Environment\Maven\repository\org\assertj\assertj-core\3.22.0\assertj-core-3.22.0.jar;D:\Environment\Maven\repository\org\hamcrest\hamcrest\2.2\hamcrest-2.2.jar;D:\Environment\Maven\repository\org\junit\jupiter\junit-jupiter\5.8.2\junit-jupiter-5.8.2.jar;D:\Environment\Maven\repository\org\junit\jupiter\junit-jupiter-api\5.8.2\junit-jupiter-api-5.8.2.jar;D:\Environment\Maven\repository\org\opentest4j\opentest4j\1.2.0\opentest4j-1.2.0.jar;D:\Environment\Maven\repository\org\junit\platform\junit-platform-commons\1.8.2\junit-platform-commons-1.8.2.jar;D:\Environment\Maven\repository\org\apiguardian\apiguardian-api\1.1.2\apiguardian-api-1.1.2.jar;D:\Environment\Maven\repository\org\junit\jupiter\junit-jupiter-params\5.8.2\junit-jupiter-params-5.8.2.jar;D:\Environment\Maven\repository\org\junit\jupiter\junit-jupiter-engine\5.8.2\junit-jupiter-engine-5.8.2.jar;D:\Environment\Maven\repository\org\junit\platform\junit-platform-engine\1.8.2\junit-platform-engine-1.8.2.jar;D:\Environment\Maven\repository\org\mockito\mockito-core\4.5.1\mockito-core-4.5.1.jar;D:\Environment\Maven\repository\net\bytebuddy\byte-buddy\1.12.22\byte-buddy-1.12.22.jar;D:\Environment\Maven\repository\net\bytebuddy\byte-buddy-agent\1.12.22\byte-buddy-agent-1.12.22.jar;D:\Environment\Maven\repository\org\objenesis\objenesis\3.2\objenesis-3.2.jar;D:\Environment\Maven\repository\org\mockito\mockito-junit-jupiter\4.5.1\mockito-junit-jupiter-4.5.1.jar;D:\Environment\Maven\repository\org\skyscreamer\jsonassert\1.5.1\jsonassert-1.5.1.jar;D:\Environment\Maven\repository\com\vaadin\external\google\android-json\0.0.20131108.vaadin1\android-json-0.0.20131108.vaadin1.jar;D:\Environment\Maven\repository\org\springframework\spring-core\5.3.25\spring-core-5.3.25.jar;D:\Environment\Maven\repository\org\springframework\spring-jcl\5.3.25\spring-jcl-5.3.25.jar;D:\Environment\Maven\repository\org\springframework\spring-test\5.3.25\spring-test-5.3.25.jar;D:\Environment\Maven\repository\org\xmlunit\xmlunit-core\2.9.1\xmlunit-core-2.9.1.jar;D:\Environment\Maven\repository\org\mariadb\jdbc\mariadb-java-client\3.0.10\mariadb-java-client-3.0.10.jar;D:\Environment\Maven\repository\com\alibaba\druid-spring-boot-starter\1.2.16\druid-spring-boot-starter-1.2.16.jar;D:\Environment\Maven\repository\com\alibaba\druid\1.2.16\druid-1.2.16.jar;D:\Environment\Maven\repository\org\slf4j\slf4j-api\1.7.36\slf4j-api-1.7.36.jar;D:\Environment\Maven\repository\com\baomidou\mybatis-plus-boot-starter\2.3.3\mybatis-plus-boot-starter-2.3.3.jar;D:\Environment\Maven\repository\com\baomidou\mybatis-plus\2.3.3\mybatis-plus-2.3.3.jar;D:\Environment\Maven\repository\com\baomidou\mybatis-plus-core\2.3.3\mybatis-plus-core-2.3.3.jar;D:\Environment\Maven\repository\com\github\jsqlparser\jsqlparser\1.1\jsqlparser-1.1.jar;D:\Environment\Maven\repository\org\mybatis\mybatis-spring\1.3.2\mybatis-spring-1.3.2.jar;D:\Environment\Maven\repository\org\mybatis\mybatis\3.4.6\mybatis-3.4.6.jar;D:\Environment\Maven\repository\org\springframework\boot\spring-boot-starter-jdbc\2.7.8\spring-boot-starter-jdbc-2.7.8.jar;D:\Environment\Maven\repository\com\zaxxer\HikariCP\4.0.3\HikariCP-4.0.3.jar;D:\Environment\Maven\repository\org\springframework\spring-jdbc\5.3.25\spring-jdbc-5.3.25.jar;D:\Environment\Maven\repository\org\springframework\spring-tx\5.3.25\spring-tx-5.3.25.jar;D:\Environment\Maven\repository\com\baomidou\mybatis-plus-generate\2.3.3\mybatis-plus-generate-2.3.3.jar;D:\Environment\Maven\repository\com\baomidou\mybatis-plus-support\2.3.3\mybatis-plus-support-2.3.3.jar;"/>
    <property name="sun.cpu.endian" value="little"/>
    <property name="user.home" value="C:\Users\74059"/>
    <property name="user.language" value="zh"/>
    <property name="java.specification.vendor" value="Oracle Corporation"/>
    <property name="java.version.date" value="2023-04-18"/>
    <property name="java.home" value="D:\Environment\Java\jdk-11"/>
    <property name="file.separator" value="\"/>
    <property name="basedir" value="D:\Project\Java\DementiaEldlyScreeningPlatform"/>
    <property name="java.vm.compressedOopsMode" value="32-bit"/>
    <property name="line.separator" value="&#10;"/>
    <property name="java.specification.name" value="Java Platform API Specification"/>
    <property name="java.vm.specification.vendor" value="Oracle Corporation"/>
    <property name="java.awt.graphicsenv" value="sun.awt.Win32GraphicsEnvironment"/>
    <property name="surefire.real.class.path" value="C:\Users\74059\AppData\Local\Temp\surefire3221166543614992742\surefirebooter5274151909044445365.jar"/>
    <property name="user.script" value=""/>
    <property name="sun.management.compiler" value="HotSpot 64-Bit Tiered Compilers"/>
    <property name="java.runtime.version" value="11.0.19+9-LTS-224"/>
    <property name="user.name" value="74059"/>
    <property name="path.separator" value=";"/>
    <property name="os.version" value="10.0"/>
    <property name="java.runtime.name" value="Java(TM) SE Runtime Environment"/>
    <property name="file.encoding" value="GBK"/>
    <property name="java.vm.name" value="Java HotSpot(TM) 64-Bit Server VM"/>
    <property name="java.vendor.version" value="18.9"/>
    <property name="localRepository" value="D:\Environment\Maven\repository"/>
    <property name="java.vendor.url.bug" value="https://bugreport.java.com/bugreport/"/>
    <property name="java.io.tmpdir" value="C:\Users\74059\AppData\Local\Temp\"/>
    <property name="idea.version" value="2023.2.2"/>
    <property name="java.version" value="11.0.19"/>
    <property name="user.dir" value="D:\Project\Java\DementiaEldlyScreeningPlatform"/>
    <property name="os.arch" value="amd64"/>
    <property name="java.vm.specification.name" value="Java Virtual Machine Specification"/>
    <property name="java.awt.printerjob" value="sun.awt.windows.WPrinterJob"/>
    <property name="sun.os.patch.level" value=""/>
    <property name="java.library.path" value="D:\Environment\Java\jdk-11\bin;C:\Windows\Sun\Java\bin;C:\Windows\system32;C:\Windows;C:\Program Files\Common Files\Oracle\Java\javapath;C:\Program Files (x86)\Intel\iCLS Client\;C:\Program Files\Intel\iCLS Client\;C:\Windows\system32;C:\Windows;C:\Windows\System32\Wbem;C:\Windows\System32\WindowsPowerShell\v1.0\;C:\Program Files (x86)\NVIDIA Corporation\PhysX\Common;C:\Program Files (x86)\Intel\Intel(R) Management Engine Components\DAL;C:\Program Files\Intel\Intel(R) Management Engine Components\DAL;C:\Program Files (x86)\Intel\Intel(R) Management Engine Components\IPT;C:\Program Files\Intel\Intel(R) Management Engine Components\IPT;C:\Windows\system32;C:\Windows;C:\Windows\System32\Wbem;C:\Windows\System32\WindowsPowerShell\v1.0\;C:\Windows\System32\OpenSSH\;C:\Program Files\Bandizip\;D:\Environment\Maven\apache-maven-3.9.4\bin;D:\Tools\XAMPP\mysql\bin;D:\Environment\Git\cmd;C:\Users\74059\AppData\Local\Microsoft\WindowsApps;;D:\Tools\Microsoft VS Code\bin;D:\Tools\IntelliJ IDEA 2023.2.2\bin;;."/>
    <property name="java.vendor" value="Oracle Corporation"/>
    <property name="java.vm.info" value="mixed mode"/>
    <property name="java.vm.version" value="11.0.19+9-LTS-224"/>
    <property name="sun.io.unicode.encoding" value="UnicodeLittle"/>
    <property name="maven.repo.local" value="D:\Environment\Maven\repository"/>
    <property name="java.class.version" value="55.0"/>
  </properties>
  <testcase name="contextLoads" classname="com.hung.DementiaEldlyScreeningPlatformApplicationTests" time="0.584"/>
</testsuite>